Performing C SOURCE FILE Test CMAKE_HAVE_LIBC_PTHREAD failed with the following output:
Change Dir: /home/vesord/Documents/42/ft_humangl/glfw/glfw-3.3.4/CMakeFiles/CMakeTmp

Run Build Command(s):/usr/bin/make cmTC_ae2cd/fast && make[1]: Entering directory '/home/vesord/Documents/42/ft_humangl/glfw/glfw-3.3.4/CMakeFiles/CMakeTmp'
/usr/bin/make -f CMakeFiles/cmTC_ae2cd.dir/build.make CMakeFiles/cmTC_ae2cd.dir/build
make[2]: Entering directory '/home/vesord/Documents/42/ft_humangl/glfw/glfw-3.3.4/CMakeFiles/CMakeTmp'
Building C object CMakeFiles/cmTC_ae2cd.dir/src.c.o
/usr/bin/cc   -DCMAKE_HAVE_LIBC_PTHREAD   -o CMakeFiles/cmTC_ae2cd.dir/src.c.o   -c /home/vesord/Documents/42/ft_humangl/glfw/glfw-3.3.4/CMakeFiles/CMakeTmp/src.c
Linking C executable cmTC_ae2cd
/usr/bin/cmake -E cmake_link_script CMakeFiles/cmTC_ae2cd.dir/link.txt --verbose=1
/usr/bin/cc  -DCMAKE_HAVE_LIBC_PTHREAD    -rdynamic CMakeFiles/cmTC_ae2cd.dir/src.c.o  -o cmTC_ae2cd 
/usr/bin/ld: CMakeFiles/cmTC_ae2cd.dir/src.c.o: in function `main':
src.c:(.text+0x46): undefined reference to `pthread_create'
/usr/bin/ld: src.c:(.text+0x52): undefined reference to `pthread_detach'
/usr/bin/ld: src.c:(.text+0x63): undefined reference to `pthread_join'
collect2: error: ld returned 1 exit status
make[2]: *** [CMakeFiles/cmTC_ae2cd.dir/build.make:87: cmTC_ae2cd] Error 1
make[2]: Leaving directory '/home/vesord/Documents/42/ft_humangl/glfw/glfw-3.3.4/CMakeFiles/CMakeTmp'
make[1]: *** [Makefile:121: cmTC_ae2cd/fast] Error 2
make[1]: Leaving directory '/home/vesord/Documents/42/ft_humangl/glfw/glfw-3.3.4/CMakeFiles/CMakeTmp'


Source file was:
#include <pthread.h>

void* test_func(void* data)
{
  return data;
}

int main(void)
{
  pthread_t thread;
  pthread_create(&thread, NULL, test_func, NULL);
  pthread_detach(thread);
  pthread_join(thread, NULL);
  pthread_atfork(NULL, NULL, NULL);
  pthread_exit(NULL);

  return 0;
}

Determining if the function pthread_create exists in the pthreads failed with the following output:
Change Dir: /home/vesord/Documents/42/ft_humangl/glfw/glfw-3.3.4/CMakeFiles/CMakeTmp

Run Build Command(s):/usr/bin/make cmTC_27c0d/fast && make[1]: Entering directory '/home/vesord/Documents/42/ft_humangl/glfw/glfw-3.3.4/CMakeFiles/CMakeTmp'
/usr/bin/make -f CMakeFiles/cmTC_27c0d.dir/build.make CMakeFiles/cmTC_27c0d.dir/build
make[2]: Entering directory '/home/vesord/Documents/42/ft_humangl/glfw/glfw-3.3.4/CMakeFiles/CMakeTmp'
Building C object CMakeFiles/cmTC_27c0d.dir/CheckFunctionExists.c.o
/usr/bin/cc   -DCHECK_FUNCTION_EXISTS=pthread_create   -o CMakeFiles/cmTC_27c0d.dir/CheckFunctionExists.c.o   -c /usr/share/cmake-3.16/Modules/CheckFunctionExists.c
Linking C executable cmTC_27c0d
/usr/bin/cmake -E cmake_link_script CMakeFiles/cmTC_27c0d.dir/link.txt --verbose=1
/usr/bin/cc  -DCHECK_FUNCTION_EXISTS=pthread_create    -rdynamic CMakeFiles/cmTC_27c0d.dir/CheckFunctionExists.c.o  -o cmTC_27c0d  -lpthreads 
/usr/bin/ld: cannot find -lpthreads
collect2: error: ld returned 1 exit status
make[2]: *** [CMakeFiles/cmTC_27c0d.dir/build.make:87: cmTC_27c0d] Error 1
make[2]: Leaving directory '/home/vesord/Documents/42/ft_humangl/glfw/glfw-3.3.4/CMakeFiles/CMakeTmp'
make[1]: *** [Makefile:121: cmTC_27c0d/fast] Error 2
make[1]: Leaving directory '/home/vesord/Documents/42/ft_humangl/glfw/glfw-3.3.4/CMakeFiles/CMakeTmp'



